<?xml version="1.0" encoding="UTF-8" standalone="yes"?><!DOCTYPE report PUBLIC "-//JACOCO//DTD Report 1.1//EN" "report.dtd"><report name="work"><sessioninfo id="nastya-ThinkPad-L460-7ec5b0a1" start="1554964638754" dump="1554964640964"/><package name="ua/lviv/iot/event/manager"><class name="ua/lviv/iot/event/manager/Main" sourcefilename="Main.java"><method name="main" desc="([Ljava/lang/String;)V" line="22"><counter type="INSTRUCTION" missed="141" covered="0"/><counter type="LINE" missed="19" covered="0"/><counter type="COMPLEXITY" missed="1" covered="0"/><counter type="METHOD" missed="1" covered="0"/></method><counter type="INSTRUCTION" missed="141" covered="0"/><counter type="LINE" missed="19" covered="0"/><counter type="COMPLEXITY" missed="1" covered="0"/><counter type="METHOD" missed="1" covered="0"/><counter type="CLASS" missed="1" covered="0"/></class><class name="ua/lviv/iot/event/manager/EventManager" sourcefilename="EventManager.java"><method name="&lt;init&gt;" desc="()V" line="14"><counter type="INSTRUCTION" missed="0" covered="8"/><counter type="LINE" missed="0" covered="3"/><counter type="COMPLEXITY" missed="0" covered="1"/><counter type="METHOD" missed="0" covered="1"/></method><method name="getEventsList" desc="()Ljava/util/List;" line="22"><counter type="INSTRUCTION" missed="0" covered="3"/><counter type="LINE" missed="0" covered="1"/><counter type="COMPLEXITY" missed="0" covered="1"/><counter type="METHOD" missed="0" covered="1"/></method><method name="setEventsList" desc="(Ljava/util/List;)V" line="28"><counter type="INSTRUCTION" missed="0" covered="4"/><counter type="LINE" missed="0" covered="2"/><counter type="COMPLEXITY" missed="0" covered="1"/><counter type="METHOD" missed="0" covered="1"/></method><method name="addEvent" desc="(Lua/lviv/iot/event/model/ConcertHall;)V" line="34"><counter type="INSTRUCTION" missed="0" covered="6"/><counter type="LINE" missed="0" covered="2"/><counter type="COMPLEXITY" missed="0" covered="1"/><counter type="METHOD" missed="0" covered="1"/></method><method name="sortingFunc" desc="(Ljava/util/List;ZLjava/util/Comparator;)Ljava/util/List;" line="42"><counter type="INSTRUCTION" missed="0" covered="12"/><counter type="BRANCH" missed="0" covered="2"/><counter type="LINE" missed="0" covered="4"/><counter type="COMPLEXITY" missed="0" covered="2"/><counter type="METHOD" missed="0" covered="1"/></method><method name="musiciansSort" desc="(Ljava/util/List;Z)Ljava/util/List;" line="55"><counter type="INSTRUCTION" missed="0" covered="7"/><counter type="LINE" missed="0" covered="2"/><counter type="COMPLEXITY" missed="0" covered="1"/><counter type="METHOD" missed="0" covered="1"/></method><method name="sortByAveragePrice" desc="(Ljava/util/List;Z)Ljava/util/List;" line="63"><counter type="INSTRUCTION" missed="0" covered="7"/><counter type="LINE" missed="0" covered="2"/><counter type="COMPLEXITY" missed="0" covered="1"/><counter type="METHOD" missed="0" covered="1"/></method><method name="findWithMusicians" desc="(Z)Ljava/util/List;" line="70"><counter type="INSTRUCTION" missed="0" covered="10"/><counter type="LINE" missed="0" covered="2"/><counter type="COMPLEXITY" missed="0" covered="1"/><counter type="METHOD" missed="0" covered="1"/></method><method name="lambda$findWithMusicians$0" desc="(ZLua/lviv/iot/event/model/ConcertHall;)Z" line="71"><counter type="INSTRUCTION" missed="0" covered="8"/><counter type="BRANCH" missed="0" covered="2"/><counter type="LINE" missed="0" covered="1"/><counter type="COMPLEXITY" missed="0" covered="2"/><counter type="METHOD" missed="0" covered="1"/></method><counter type="INSTRUCTION" missed="0" covered="65"/><counter type="BRANCH" missed="0" covered="4"/><counter type="LINE" missed="0" covered="18"/><counter type="COMPLEXITY" missed="0" covered="11"/><counter type="METHOD" missed="0" covered="9"/><counter type="CLASS" missed="0" covered="1"/></class><sourcefile name="Main.java"><line nr="22" mi="4" ci="0" mb="0" cb="0"/><line nr="26" mi="3" ci="0" mb="0" cb="0"/><line nr="28" mi="13" ci="0" mb="0" cb="0"/><line nr="34" mi="13" ci="0" mb="0" cb="0"/><line nr="40" mi="13" ci="0" mb="0" cb="0"/><line nr="47" mi="3" ci="0" mb="0" cb="0"/><line nr="49" mi="3" ci="0" mb="0" cb="0"/><line nr="51" mi="3" ci="0" mb="0" cb="0"/><line nr="53" mi="12" ci="0" mb="0" cb="0"/><line nr="56" mi="12" ci="0" mb="0" cb="0"/><line nr="59" mi="12" ci="0" mb="0" cb="0"/><line nr="62" mi="9" ci="0" mb="0" cb="0"/><line nr="63" mi="5" ci="0" mb="0" cb="0"/><line nr="65" mi="10" ci="0" mb="0" cb="0"/><line nr="66" mi="5" ci="0" mb="0" cb="0"/><line nr="69" mi="10" ci="0" mb="0" cb="0"/><line nr="70" mi="5" ci="0" mb="0" cb="0"/><line nr="74" mi="5" ci="0" mb="0" cb="0"/><line nr="76" mi="1" ci="0" mb="0" cb="0"/><counter type="INSTRUCTION" missed="141" covered="0"/><counter type="LINE" missed="19" covered="0"/><counter type="COMPLEXITY" missed="1" covered="0"/><counter type="METHOD" missed="1" covered="0"/><counter type="CLASS" missed="1" covered="0"/></sourcefile><sourcefile name="EventManager.java"><line nr="14" mi="0" ci="5" mb="0" cb="0"/><line nr="16" mi="0" ci="2" mb="0" cb="0"/><line nr="18" mi="0" ci="1" mb="0" cb="0"/><line nr="22" mi="0" ci="3" mb="0" cb="0"/><line nr="28" mi="0" ci="3" mb="0" cb="0"/><line nr="30" mi="0" ci="1" mb="0" cb="0"/><line nr="34" mi="0" ci="5" mb="0" cb="0"/><line nr="36" mi="0" ci="1" mb="0" cb="0"/><line nr="42" mi="0" ci="2" mb="0" cb="2"/><line nr="43" mi="0" ci="5" mb="0" cb="0"/><line nr="45" mi="0" ci="3" mb="0" cb="0"/><line nr="47" mi="0" ci="2" mb="0" cb="0"/><line nr="55" mi="0" ci="6" mb="0" cb="0"/><line nr="56" mi="0" ci="1" mb="0" cb="0"/><line nr="63" mi="0" ci="6" mb="0" cb="0"/><line nr="64" mi="0" ci="1" mb="0" cb="0"/><line nr="70" mi="0" ci="7" mb="0" cb="0"/><line nr="71" mi="0" ci="11" mb="0" cb="2"/><counter type="INSTRUCTION" missed="0" covered="65"/><counter type="BRANCH" missed="0" covered="4"/><counter type="LINE" missed="0" covered="18"/><counter type="COMPLEXITY" missed="0" covered="11"/><counter type="METHOD" missed="0" covered="9"/><counter type="CLASS" missed="0" covered="1"/></sourcefile><counter type="INSTRUCTION" missed="141" covered="65"/><counter type="BRANCH" missed="0" covered="4"/><counter type="LINE" missed="19" covered="18"/><counter type="COMPLEXITY" missed="1" covered="11"/><counter type="METHOD" missed="1" covered="9"/><counter type="CLASS" missed="1" covered="1"/></package><package name="ua/lviv/iot/event/model"><class name="ua/lviv/iot/event/model/ConcertHall" sourcefilename="ConcertHall.java"><method name="&lt;init&gt;" desc="()V" line="17"><counter type="INSTRUCTION" missed="0" covered="3"/><counter type="LINE" missed="0" covered="2"/><counter type="COMPLEXITY" missed="0" covered="1"/><counter type="METHOD" missed="0" covered="1"/></method><method name="&lt;init&gt;" desc="(DDLjava/lang/String;IZI)V" line="26"><counter type="INSTRUCTION" missed="0" covered="21"/><counter type="LINE" missed="0" covered="8"/><counter type="COMPLEXITY" missed="0" covered="1"/><counter type="METHOD" missed="0" covered="1"/></method><method name="getTicketPrice" desc="()D" line="37"><counter type="INSTRUCTION" missed="0" covered="3"/><counter type="LINE" missed="0" covered="1"/><counter type="COMPLEXITY" missed="0" covered="1"/><counter type="METHOD" missed="0" covered="1"/></method><method name="setTicketPrice" desc="(D)V" line="43"><counter type="INSTRUCTION" missed="4" covered="0"/><counter type="LINE" missed="2" covered="0"/><counter type="COMPLEXITY" missed="1" covered="0"/><counter type="METHOD" missed="1" covered="0"/></method><method name="getArenaSize" desc="()D" line="49"><counter type="INSTRUCTION" missed="0" covered="3"/><counter type="LINE" missed="0" covered="1"/><counter type="COMPLEXITY" missed="0" covered="1"/><counter type="METHOD" missed="0" covered="1"/></method><method name="setArenaSize" desc="(D)V" line="55"><counter type="INSTRUCTION" missed="4" covered="0"/><counter type="LINE" missed="2" covered="0"/><counter type="COMPLEXITY" missed="1" covered="0"/><counter type="METHOD" missed="1" covered="0"/></method><method name="getLocationStreet" desc="()Ljava/lang/String;" line="61"><counter type="INSTRUCTION" missed="3" covered="0"/><counter type="LINE" missed="1" covered="0"/><counter type="COMPLEXITY" missed="1" covered="0"/><counter type="METHOD" missed="1" covered="0"/></method><method name="setLocationStreet" desc="(Ljava/lang/String;)V" line="67"><counter type="INSTRUCTION" missed="4" covered="0"/><counter type="LINE" missed="2" covered="0"/><counter type="COMPLEXITY" missed="1" covered="0"/><counter type="METHOD" missed="1" covered="0"/></method><method name="getEventDuration" desc="()I" line="73"><counter type="INSTRUCTION" missed="0" covered="3"/><counter type="LINE" missed="0" covered="1"/><counter type="COMPLEXITY" missed="0" covered="1"/><counter type="METHOD" missed="0" covered="1"/></method><method name="setEventDuration" desc="(I)V" line="79"><counter type="INSTRUCTION" missed="4" covered="0"/><counter type="LINE" missed="2" covered="0"/><counter type="COMPLEXITY" missed="1" covered="0"/><counter type="METHOD" missed="1" covered="0"/></method><method name="isAreThereMusicians" desc="()Z" line="85"><counter type="INSTRUCTION" missed="0" covered="3"/><counter type="LINE" missed="0" covered="1"/><counter type="COMPLEXITY" missed="0" covered="1"/><counter type="METHOD" missed="0" covered="1"/></method><method name="setAreThereMusicians" desc="(Z)V" line="92"><counter type="INSTRUCTION" missed="4" covered="0"/><counter type="LINE" missed="2" covered="0"/><counter type="COMPLEXITY" missed="1" covered="0"/><counter type="METHOD" missed="1" covered="0"/></method><method name="getMusiciansQuantity" desc="()I" line="98"><counter type="INSTRUCTION" missed="0" covered="3"/><counter type="LINE" missed="0" covered="1"/><counter type="COMPLEXITY" missed="0" covered="1"/><counter type="METHOD" missed="0" covered="1"/></method><method name="setMusiciansQuantity" desc="(I)V" line="104"><counter type="INSTRUCTION" missed="4" covered="0"/><counter type="LINE" missed="2" covered="0"/><counter type="COMPLEXITY" missed="1" covered="0"/><counter type="METHOD" missed="1" covered="0"/></method><method name="toString" desc="()Ljava/lang/String;" line="110"><counter type="INSTRUCTION" missed="0" covered="39"/><counter type="LINE" missed="0" covered="1"/><counter type="COMPLEXITY" missed="0" covered="1"/><counter type="METHOD" missed="0" covered="1"/></method><counter type="INSTRUCTION" missed="27" covered="78"/><counter type="LINE" missed="13" covered="16"/><counter type="COMPLEXITY" missed="7" covered="8"/><counter type="METHOD" missed="7" covered="8"/><counter type="CLASS" missed="0" covered="1"/></class><class name="ua/lviv/iot/event/model/MusicEvent" sourcefilename="MusicEvent.java"><method name="&lt;init&gt;" desc="()V" line="13"><counter type="INSTRUCTION" missed="3" covered="0"/><counter type="LINE" missed="2" covered="0"/><counter type="COMPLEXITY" missed="1" covered="0"/><counter type="METHOD" missed="1" covered="0"/></method><method name="&lt;init&gt;" desc="(Lua/lviv/iot/event/enums/MusicGenre;ILjava/lang/String;)V" line="19"><counter type="INSTRUCTION" missed="0" covered="12"/><counter type="LINE" missed="0" covered="5"/><counter type="COMPLEXITY" missed="0" covered="1"/><counter type="METHOD" missed="0" covered="1"/></method><method name="&lt;init&gt;" desc="(DDLjava/lang/String;IZILua/lviv/iot/event/enums/MusicGenre;ILjava/lang/String;)V" line="34"><counter type="INSTRUCTION" missed="0" covered="18"/><counter type="LINE" missed="0" covered="5"/><counter type="COMPLEXITY" missed="0" covered="1"/><counter type="METHOD" missed="0" covered="1"/></method><method name="&lt;init&gt;" desc="(DDLjava/lang/String;IZI)V" line="49"><counter type="INSTRUCTION" missed="9" covered="0"/><counter type="LINE" missed="2" covered="0"/><counter type="COMPLEXITY" missed="1" covered="0"/><counter type="METHOD" missed="1" covered="0"/></method><method name="getEventGenre" desc="()Lua/lviv/iot/event/enums/MusicGenre;" line="56"><counter type="INSTRUCTION" missed="3" covered="0"/><counter type="LINE" missed="1" covered="0"/><counter type="COMPLEXITY" missed="1" covered="0"/><counter type="METHOD" missed="1" covered="0"/></method><method name="setEventGenre" desc="(Lua/lviv/iot/event/enums/MusicGenre;)V" line="62"><counter type="INSTRUCTION" missed="4" covered="0"/><counter type="LINE" missed="2" covered="0"/><counter type="COMPLEXITY" missed="1" covered="0"/><counter type="METHOD" missed="1" covered="0"/></method><method name="getInstrumentsCount" desc="()I" line="68"><counter type="INSTRUCTION" missed="3" covered="0"/><counter type="LINE" missed="1" covered="0"/><counter type="COMPLEXITY" missed="1" covered="0"/><counter type="METHOD" missed="1" covered="0"/></method><method name="setInstrumentsCount" desc="(I)V" line="74"><counter type="INSTRUCTION" missed="4" covered="0"/><counter type="LINE" missed="2" covered="0"/><counter type="COMPLEXITY" missed="1" covered="0"/><counter type="METHOD" missed="1" covered="0"/></method><method name="getBandName" desc="()Ljava/lang/String;" line="80"><counter type="INSTRUCTION" missed="3" covered="0"/><counter type="LINE" missed="1" covered="0"/><counter type="COMPLEXITY" missed="1" covered="0"/><counter type="METHOD" missed="1" covered="0"/></method><method name="setBandName" desc="(Ljava/lang/String;)V" line="86"><counter type="INSTRUCTION" missed="4" covered="0"/><counter type="LINE" missed="2" covered="0"/><counter type="COMPLEXITY" missed="1" covered="0"/><counter type="METHOD" missed="1" covered="0"/></method><method name="toString" desc="()Ljava/lang/String;" line="92"><counter type="INSTRUCTION" missed="0" covered="25"/><counter type="LINE" missed="0" covered="1"/><counter type="COMPLEXITY" missed="0" covered="1"/><counter type="METHOD" missed="0" covered="1"/></method><counter type="INSTRUCTION" missed="33" covered="55"/><counter type="LINE" missed="13" covered="11"/><counter type="COMPLEXITY" missed="8" covered="3"/><counter type="METHOD" missed="8" covered="3"/><counter type="CLASS" missed="0" covered="1"/></class><class name="ua/lviv/iot/event/model/CircusEvent" sourcefilename="CircusEvent.java"><method name="&lt;init&gt;" desc="()V" line="11"><counter type="INSTRUCTION" missed="0" covered="3"/><counter type="LINE" missed="0" covered="2"/><counter type="COMPLEXITY" missed="0" covered="1"/><counter type="METHOD" missed="0" covered="1"/></method><method name="&lt;init&gt;" desc="(DDLjava/lang/String;IZI)V" line="22"><counter type="INSTRUCTION" missed="0" covered="9"/><counter type="LINE" missed="0" covered="2"/><counter type="COMPLEXITY" missed="0" covered="1"/><counter type="METHOD" missed="0" covered="1"/></method><method name="getOriginalCircusCity" desc="()Ljava/lang/String;" line="28"><counter type="INSTRUCTION" missed="3" covered="0"/><counter type="LINE" missed="1" covered="0"/><counter type="COMPLEXITY" missed="1" covered="0"/><counter type="METHOD" missed="1" covered="0"/></method><method name="setOriginalCircusCity" desc="(Ljava/lang/String;)V" line="35"><counter type="INSTRUCTION" missed="0" covered="4"/><counter type="LINE" missed="0" covered="2"/><counter type="COMPLEXITY" missed="0" covered="1"/><counter type="METHOD" missed="0" covered="1"/></method><method name="getCircusEquipmentQuantity" desc="()I" line="41"><counter type="INSTRUCTION" missed="3" covered="0"/><counter type="LINE" missed="1" covered="0"/><counter type="COMPLEXITY" missed="1" covered="0"/><counter type="METHOD" missed="1" covered="0"/></method><method name="setCircusEquipmentQuantity" desc="(I)V" line="48"><counter type="INSTRUCTION" missed="0" covered="4"/><counter type="LINE" missed="0" covered="2"/><counter type="COMPLEXITY" missed="0" covered="1"/><counter type="METHOD" missed="0" covered="1"/></method><method name="toString" desc="()Ljava/lang/String;" line="54"><counter type="INSTRUCTION" missed="0" covered="19"/><counter type="LINE" missed="0" covered="1"/><counter type="COMPLEXITY" missed="0" covered="1"/><counter type="METHOD" missed="0" covered="1"/></method><counter type="INSTRUCTION" missed="6" covered="39"/><counter type="LINE" missed="2" covered="9"/><counter type="COMPLEXITY" missed="2" covered="5"/><counter type="METHOD" missed="2" covered="5"/><counter type="CLASS" missed="0" covered="1"/></class><class name="ua/lviv/iot/event/model/DiscoNightEvent" sourcefilename="DiscoNightEvent.java"><method name="&lt;init&gt;" desc="()V" line="14"><counter type="INSTRUCTION" missed="0" covered="3"/><counter type="LINE" missed="0" covered="2"/><counter type="COMPLEXITY" missed="0" covered="1"/><counter type="METHOD" missed="0" covered="1"/></method><method name="&lt;init&gt;" desc="(DDLjava/lang/String;IZILua/lviv/iot/event/enums/Age;Lua/lviv/iot/event/enums/MusicGenre;Ljava/lang/String;)V" line="28"><counter type="INSTRUCTION" missed="0" covered="18"/><counter type="LINE" missed="0" covered="5"/><counter type="COMPLEXITY" missed="0" covered="1"/><counter type="METHOD" missed="0" covered="1"/></method><method name="getAgeRestriction" desc="()Lua/lviv/iot/event/enums/Age;" line="40"><counter type="INSTRUCTION" missed="3" covered="0"/><counter type="LINE" missed="1" covered="0"/><counter type="COMPLEXITY" missed="1" covered="0"/><counter type="METHOD" missed="1" covered="0"/></method><method name="setAgeRestriction" desc="(Lua/lviv/iot/event/enums/Age;)V" line="46"><counter type="INSTRUCTION" missed="4" covered="0"/><counter type="LINE" missed="2" covered="0"/><counter type="COMPLEXITY" missed="1" covered="0"/><counter type="METHOD" missed="1" covered="0"/></method><method name="getSpecificDressCode" desc="()Ljava/lang/String;" line="52"><counter type="INSTRUCTION" missed="3" covered="0"/><counter type="LINE" missed="1" covered="0"/><counter type="COMPLEXITY" missed="1" covered="0"/><counter type="METHOD" missed="1" covered="0"/></method><method name="setSpecificDressCode" desc="(Ljava/lang/String;)V" line="59"><counter type="INSTRUCTION" missed="4" covered="0"/><counter type="LINE" missed="2" covered="0"/><counter type="COMPLEXITY" missed="1" covered="0"/><counter type="METHOD" missed="1" covered="0"/></method><method name="getMusicForParty" desc="()Lua/lviv/iot/event/enums/MusicGenre;" line="65"><counter type="INSTRUCTION" missed="3" covered="0"/><counter type="LINE" missed="1" covered="0"/><counter type="COMPLEXITY" missed="1" covered="0"/><counter type="METHOD" missed="1" covered="0"/></method><method name="setMusicForParty" desc="(Lua/lviv/iot/event/enums/MusicGenre;)V" line="71"><counter type="INSTRUCTION" missed="4" covered="0"/><counter type="LINE" missed="2" covered="0"/><counter type="COMPLEXITY" missed="1" covered="0"/><counter type="METHOD" missed="1" covered="0"/></method><method name="toString" desc="()Ljava/lang/String;" line="77"><counter type="INSTRUCTION" missed="0" covered="25"/><counter type="LINE" missed="0" covered="1"/><counter type="COMPLEXITY" missed="0" covered="1"/><counter type="METHOD" missed="0" covered="1"/></method><counter type="INSTRUCTION" missed="21" covered="46"/><counter type="LINE" missed="9" covered="8"/><counter type="COMPLEXITY" missed="6" covered="3"/><counter type="METHOD" missed="6" covered="3"/><counter type="CLASS" missed="0" covered="1"/></class><class name="ua/lviv/iot/event/model/LiteratureEvening" sourcefilename="LiteratureEvening.java"><method name="&lt;init&gt;" desc="()V" line="13"><counter type="INSTRUCTION" missed="3" covered="0"/><counter type="LINE" missed="2" covered="0"/><counter type="COMPLEXITY" missed="1" covered="0"/><counter type="METHOD" missed="1" covered="0"/></method><method name="&lt;init&gt;" desc="(DDLjava/lang/String;IZILua/lviv/iot/event/enums/LiteratureTheme;Ljava/lang/String;I)V" line="26"><counter type="INSTRUCTION" missed="0" covered="18"/><counter type="LINE" missed="0" covered="5"/><counter type="COMPLEXITY" missed="0" covered="1"/><counter type="METHOD" missed="0" covered="1"/></method><method name="getDiscussionTheme" desc="()Lua/lviv/iot/event/enums/LiteratureTheme;" line="37"><counter type="INSTRUCTION" missed="3" covered="0"/><counter type="LINE" missed="1" covered="0"/><counter type="COMPLEXITY" missed="1" covered="0"/><counter type="METHOD" missed="1" covered="0"/></method><method name="setDiscussionTheme" desc="(Lua/lviv/iot/event/enums/LiteratureTheme;)V" line="45"><counter type="INSTRUCTION" missed="4" covered="0"/><counter type="LINE" missed="2" covered="0"/><counter type="COMPLEXITY" missed="1" covered="0"/><counter type="METHOD" missed="1" covered="0"/></method><method name="getSpeakerName" desc="()Ljava/lang/String;" line="51"><counter type="INSTRUCTION" missed="3" covered="0"/><counter type="LINE" missed="1" covered="0"/><counter type="COMPLEXITY" missed="1" covered="0"/><counter type="METHOD" missed="1" covered="0"/></method><method name="setSpeakerName" desc="(Ljava/lang/String;)V" line="57"><counter type="INSTRUCTION" missed="4" covered="0"/><counter type="LINE" missed="2" covered="0"/><counter type="COMPLEXITY" missed="1" covered="0"/><counter type="METHOD" missed="1" covered="0"/></method><method name="getBooksForSale" desc="()I" line="63"><counter type="INSTRUCTION" missed="3" covered="0"/><counter type="LINE" missed="1" covered="0"/><counter type="COMPLEXITY" missed="1" covered="0"/><counter type="METHOD" missed="1" covered="0"/></method><method name="setBooksForSale" desc="(I)V" line="69"><counter type="INSTRUCTION" missed="4" covered="0"/><counter type="LINE" missed="2" covered="0"/><counter type="COMPLEXITY" missed="1" covered="0"/><counter type="METHOD" missed="1" covered="0"/></method><method name="toString" desc="()Ljava/lang/String;" line="75"><counter type="INSTRUCTION" missed="0" covered="27"/><counter type="LINE" missed="0" covered="1"/><counter type="COMPLEXITY" missed="0" covered="1"/><counter type="METHOD" missed="0" covered="1"/></method><counter type="INSTRUCTION" missed="24" covered="45"/><counter type="LINE" missed="11" covered="6"/><counter type="COMPLEXITY" missed="7" covered="2"/><counter type="METHOD" missed="7" covered="2"/><counter type="CLASS" missed="0" covered="1"/></class><sourcefile name="MusicEvent.java"><line nr="13" mi="2" ci="0" mb="0" cb="0"/><line nr="15" mi="1" ci="0" mb="0" cb="0"/><line nr="19" mi="0" ci="2" mb="0" cb="0"/><line nr="20" mi="0" ci="3" mb="0" cb="0"/><line nr="21" mi="0" ci="3" mb="0" cb="0"/><line nr="22" mi="0" ci="3" mb="0" cb="0"/><line nr="23" mi="0" ci="1" mb="0" cb="0"/><line nr="34" mi="0" ci="8" mb="0" cb="0"/><line nr="37" mi="0" ci="3" mb="0" cb="0"/><line nr="38" mi="0" ci="3" mb="0" cb="0"/><line nr="39" mi="0" ci="3" mb="0" cb="0"/><line nr="40" mi="0" ci="1" mb="0" cb="0"/><line nr="49" mi="8" ci="0" mb="0" cb="0"/><line nr="52" mi="1" ci="0" mb="0" cb="0"/><line nr="56" mi="3" ci="0" mb="0" cb="0"/><line nr="62" mi="3" ci="0" mb="0" cb="0"/><line nr="64" mi="1" ci="0" mb="0" cb="0"/><line nr="68" mi="3" ci="0" mb="0" cb="0"/><line nr="74" mi="3" ci="0" mb="0" cb="0"/><line nr="76" mi="1" ci="0" mb="0" cb="0"/><line nr="80" mi="3" ci="0" mb="0" cb="0"/><line nr="86" mi="3" ci="0" mb="0" cb="0"/><line nr="88" mi="1" ci="0" mb="0" cb="0"/><line nr="92" mi="0" ci="25" mb="0" cb="0"/><counter type="INSTRUCTION" missed="33" covered="55"/><counter type="LINE" missed="13" covered="11"/><counter type="COMPLEXITY" missed="8" covered="3"/><counter type="METHOD" missed="8" covered="3"/><counter type="CLASS" missed="0" covered="1"/></sourcefile><sourcefile name="DiscoNightEvent.java"><line nr="14" mi="0" ci="2" mb="0" cb="0"/><line nr="16" mi="0" ci="1" mb="0" cb="0"/><line nr="28" mi="0" ci="8" mb="0" cb="0"/><line nr="32" mi="0" ci="3" mb="0" cb="0"/><line nr="33" mi="0" ci="3" mb="0" cb="0"/><line nr="34" mi="0" ci="3" mb="0" cb="0"/><line nr="36" mi="0" ci="1" mb="0" cb="0"/><line nr="40" mi="3" ci="0" mb="0" cb="0"/><line nr="46" mi="3" ci="0" mb="0" cb="0"/><line nr="48" mi="1" ci="0" mb="0" cb="0"/><line nr="52" mi="3" ci="0" mb="0" cb="0"/><line nr="59" mi="3" ci="0" mb="0" cb="0"/><line nr="61" mi="1" ci="0" mb="0" cb="0"/><line nr="65" mi="3" ci="0" mb="0" cb="0"/><line nr="71" mi="3" ci="0" mb="0" cb="0"/><line nr="73" mi="1" ci="0" mb="0" cb="0"/><line nr="77" mi="0" ci="25" mb="0" cb="0"/><counter type="INSTRUCTION" missed="21" covered="46"/><counter type="LINE" missed="9" covered="8"/><counter type="COMPLEXITY" missed="6" covered="3"/><counter type="METHOD" missed="6" covered="3"/><counter type="CLASS" missed="0" covered="1"/></sourcefile><sourcefile name="ConcertHall.java"><line nr="17" mi="0" ci="2" mb="0" cb="0"/><line nr="19" mi="0" ci="1" mb="0" cb="0"/><line nr="26" mi="0" ci="2" mb="0" cb="0"/><line nr="27" mi="0" ci="3" mb="0" cb="0"/><line nr="28" mi="0" ci="3" mb="0" cb="0"/><line nr="29" mi="0" ci="3" mb="0" cb="0"/><line nr="30" mi="0" ci="3" mb="0" cb="0"/><line nr="31" mi="0" ci="3" mb="0" cb="0"/><line nr="32" mi="0" ci="3" mb="0" cb="0"/><line nr="33" mi="0" ci="1" mb="0" cb="0"/><line nr="37" mi="0" ci="3" mb="0" cb="0"/><line nr="43" mi="3" ci="0" mb="0" cb="0"/><line nr="45" mi="1" ci="0" mb="0" cb="0"/><line nr="49" mi="0" ci="3" mb="0" cb="0"/><line nr="55" mi="3" ci="0" mb="0" cb="0"/><line nr="57" mi="1" ci="0" mb="0" cb="0"/><line nr="61" mi="3" ci="0" mb="0" cb="0"/><line nr="67" mi="3" ci="0" mb="0" cb="0"/><line nr="69" mi="1" ci="0" mb="0" cb="0"/><line nr="73" mi="0" ci="3" mb="0" cb="0"/><line nr="79" mi="3" ci="0" mb="0" cb="0"/><line nr="81" mi="1" ci="0" mb="0" cb="0"/><line nr="85" mi="0" ci="3" mb="0" cb="0"/><line nr="92" mi="3" ci="0" mb="0" cb="0"/><line nr="94" mi="1" ci="0" mb="0" cb="0"/><line nr="98" mi="0" ci="3" mb="0" cb="0"/><line nr="104" mi="3" ci="0" mb="0" cb="0"/><line nr="106" mi="1" ci="0" mb="0" cb="0"/><line nr="110" mi="0" ci="39" mb="0" cb="0"/><counter type="INSTRUCTION" missed="27" covered="78"/><counter type="LINE" missed="13" covered="16"/><counter type="COMPLEXITY" missed="7" covered="8"/><counter type="METHOD" missed="7" covered="8"/><counter type="CLASS" missed="0" covered="1"/></sourcefile><sourcefile name="LiteratureEvening.java"><line nr="13" mi="2" ci="0" mb="0" cb="0"/><line nr="15" mi="1" ci="0" mb="0" cb="0"/><line nr="26" mi="0" ci="8" mb="0" cb="0"/><line nr="29" mi="0" ci="3" mb="0" cb="0"/><line nr="30" mi="0" ci="3" mb="0" cb="0"/><line nr="31" mi="0" ci="3" mb="0" cb="0"/><line nr="32" mi="0" ci="1" mb="0" cb="0"/><line nr="37" mi="3" ci="0" mb="0" cb="0"/><line nr="45" mi="3" ci="0" mb="0" cb="0"/><line nr="47" mi="1" ci="0" mb="0" cb="0"/><line nr="51" mi="3" ci="0" mb="0" cb="0"/><line nr="57" mi="3" ci="0" mb="0" cb="0"/><line nr="59" mi="1" ci="0" mb="0" cb="0"/><line nr="63" mi="3" ci="0" mb="0" cb="0"/><line nr="69" mi="3" ci="0" mb="0" cb="0"/><line nr="71" mi="1" ci="0" mb="0" cb="0"/><line nr="75" mi="0" ci="27" mb="0" cb="0"/><counter type="INSTRUCTION" missed="24" covered="45"/><counter type="LINE" missed="11" covered="6"/><counter type="COMPLEXITY" missed="7" covered="2"/><counter type="METHOD" missed="7" covered="2"/><counter type="CLASS" missed="0" covered="1"/></sourcefile><sourcefile name="CircusEvent.java"><line nr="11" mi="0" ci="2" mb="0" cb="0"/><line nr="13" mi="0" ci="1" mb="0" cb="0"/><line nr="22" mi="0" ci="8" mb="0" cb="0"/><line nr="24" mi="0" ci="1" mb="0" cb="0"/><line nr="28" mi="3" ci="0" mb="0" cb="0"/><line nr="35" mi="0" ci="3" mb="0" cb="0"/><line nr="37" mi="0" ci="1" mb="0" cb="0"/><line nr="41" mi="3" ci="0" mb="0" cb="0"/><line nr="48" mi="0" ci="3" mb="0" cb="0"/><line nr="50" mi="0" ci="1" mb="0" cb="0"/><line nr="54" mi="0" ci="19" mb="0" cb="0"/><counter type="INSTRUCTION" missed="6" covered="39"/><counter type="LINE" missed="2" covered="9"/><counter type="COMPLEXITY" missed="2" covered="5"/><counter type="METHOD" missed="2" covered="5"/><counter type="CLASS" missed="0" covered="1"/></sourcefile><counter type="INSTRUCTION" missed="111" covered="263"/><counter type="LINE" missed="48" covered="50"/><counter type="COMPLEXITY" missed="30" covered="21"/><counter type="METHOD" missed="30" covered="21"/><counter type="CLASS" missed="0" covered="5"/></package><package name="ua/lviv/iot/event/enums"><class name="ua/lviv/iot/event/enums/Age" sourcefilename="Age.java"><method name="&lt;clinit&gt;" desc="()V" line="3"><counter type="INSTRUCTION" missed="0" covered="34"/><counter type="LINE" missed="0" covered="2"/><counter type="COMPLEXITY" missed="0" covered="1"/><counter type="METHOD" missed="0" covered="1"/></method><counter type="INSTRUCTION" missed="0" covered="34"/><counter type="LINE" missed="0" covered="2"/><counter type="COMPLEXITY" missed="0" covered="1"/><counter type="METHOD" missed="0" covered="1"/><counter type="CLASS" missed="0" covered="1"/></class><class name="ua/lviv/iot/event/enums/LiteratureTheme" sourcefilename="LiteratureTheme.java"><method name="&lt;clinit&gt;" desc="()V" line="3"><counter type="INSTRUCTION" missed="0" covered="74"/><counter type="LINE" missed="0" covered="3"/><counter type="COMPLEXITY" missed="0" covered="1"/><counter type="METHOD" missed="0" covered="1"/></method><counter type="INSTRUCTION" missed="0" covered="74"/><counter type="LINE" missed="0" covered="3"/><counter type="COMPLEXITY" missed="0" covered="1"/><counter type="METHOD" missed="0" covered="1"/><counter type="CLASS" missed="0" covered="1"/></class><class name="ua/lviv/iot/event/enums/MusicGenre" sourcefilename="MusicGenre.java"><method name="&lt;clinit&gt;" desc="()V" line="3"><counter type="INSTRUCTION" missed="0" covered="124"/><counter type="LINE" missed="0" covered="4"/><counter type="COMPLEXITY" missed="0" covered="1"/><counter type="METHOD" missed="0" covered="1"/></method><counter type="INSTRUCTION" missed="0" covered="124"/><counter type="LINE" missed="0" covered="4"/><counter type="COMPLEXITY" missed="0" covered="1"/><counter type="METHOD" missed="0" covered="1"/><counter type="CLASS" missed="0" covered="1"/></class><sourcefile name="LiteratureTheme.java"><line nr="3" mi="0" ci="32" mb="0" cb="0"/><line nr="4" mi="0" ci="24" mb="0" cb="0"/><line nr="5" mi="0" ci="18" mb="0" cb="0"/><counter type="INSTRUCTION" missed="0" covered="74"/><counter type="LINE" missed="0" covered="3"/><counter type="COMPLEXITY" missed="0" covered="1"/><counter type="METHOD" missed="0" covered="1"/><counter type="CLASS" missed="0" covered="1"/></sourcefile><sourcefile name="MusicGenre.java"><line nr="3" mi="0" ci="52" mb="0" cb="0"/><line nr="4" mi="0" ci="24" mb="0" cb="0"/><line nr="5" mi="0" ci="24" mb="0" cb="0"/><line nr="6" mi="0" ci="24" mb="0" cb="0"/><counter type="INSTRUCTION" missed="0" covered="124"/><counter type="LINE" missed="0" covered="4"/><counter type="COMPLEXITY" missed="0" covered="1"/><counter type="METHOD" missed="0" covered="1"/><counter type="CLASS" missed="0" covered="1"/></sourcefile><sourcefile name="Age.java"><line nr="3" mi="0" ci="16" mb="0" cb="0"/><line nr="4" mi="0" ci="18" mb="0" cb="0"/><counter type="INSTRUCTION" missed="0" covered="34"/><counter type="LINE" missed="0" covered="2"/><counter type="COMPLEXITY" missed="0" covered="1"/><counter type="METHOD" missed="0" covered="1"/><counter type="CLASS" missed="0" covered="1"/></sourcefile><counter type="INSTRUCTION" missed="0" covered="232"/><counter type="LINE" missed="0" covered="9"/><counter type="COMPLEXITY" missed="0" covered="3"/><counter type="METHOD" missed="0" covered="3"/><counter type="CLASS" missed="0" covered="3"/></package><counter type="INSTRUCTION" missed="252" covered="560"/><counter type="BRANCH" missed="0" covered="4"/><counter type="LINE" missed="67" covered="77"/><counter type="COMPLEXITY" missed="31" covered="35"/><counter type="METHOD" missed="31" covered="33"/><counter type="CLASS" missed="1" covered="9"/></report>