<?xml version="1.0" encoding="UTF-8"?>
<testsuite xmlns:xsi="http://www.w3.org/2001/XMLSchema-instance" xsi:schemaLocation="https://maven.apache.org/surefire/maven-surefire-plugin/xsd/surefire-test-report.xsd" name="ua.lviv.iot.event.manager.EventManagerTest" time="0.267" tests="14" errors="0" skipped="0" failures="0">
  <properties>
[...]
</properties>
  <testcase name="testFindWithMusiciansWithListLength" classname="ua.lviv.iot.event.manager.EventManagerTest" time="0.022"/>
  <testcase name="testSortingFuncByEventDurationByDecreasing" classname="ua.lviv.iot.event.manager.EventManagerTest" time="0.013"/>
  <testcase name="testFingWithMusiciansOneList" classname="ua.lviv.iot.event.manager.EventManagerTest" time="0.002"/>
  <testcase name="testToStringCircusEvent" classname="ua.lviv.iot.event.manager.EventManagerTest" time="0.001"/>
  <testcase name="testSortingFuncByArenaSizeByIncreasing" classname="ua.lviv.iot.event.manager.EventManagerTest" time="0.003"/>
  <testcase name="testListViewing" classname="ua.lviv.iot.event.manager.EventManagerTest" time="0.013"/>
  <testcase name="testGetterSetter" classname="ua.lviv.iot.event.manager.EventManagerTest" time="0.173"/>
  <testcase name="testToStringDiscoNightEvent" classname="ua.lviv.iot.event.manager.EventManagerTest" time="0.002"/>
  <testcase name="testMusiciansSortByIncreasing" classname="ua.lviv.iot.event.manager.EventManagerTest" time="0.002"/>
  <testcase name="testMusiciansSortByDecreasing" classname="ua.lviv.iot.event.manager.EventManagerTest" time="0.001"/>
  <testcase name="testAnotherMusicEventConstructor" classname="ua.lviv.iot.event.manager.EventManagerTest" time="0.001"/>
  <testcase name="testEventAdd" classname="ua.lviv.iot.event.manager.EventManagerTest" time="0.002"/>
  <testcase name="testSortByTicketPriceByIncreasing" classname="ua.lviv.iot.event.manager.EventManagerTest" time="0.002"/>
  <testcase name="testSortByTicketPriceByDecreasing" classname="ua.lviv.iot.event.manager.EventManagerTest" time="0.001"/>
</testsuite>